Configuring regex-pcre-builtin-0.94.4.8.8.35...
clang: warning: argument unused during compilation: '-nopie' [-Wunused-command-line-argument]
Preprocessing library for regex-pcre-builtin-0.94.4.8.8.35..
Building library for regex-pcre-builtin-0.94.4.8.8.35..
[1 of 6] Compiling Text.Regex.PCRE.Wrap ( .stack-work/dist/x86_64-osx/Cabal-2.2.0.1/build/Text/Regex/PCRE/Wrap.hs, .stack-work/dist/x86_64-osx/Cabal-2.2.0.1/build/Text/Regex/PCRE/Wrap.o )

[;1mText/Regex/PCRE/Wrap.hsc:217:5: [;1m[35mwarning:[0m[0m[;1m [[;1m[35m-Wunused-do-bind[0m[0m[;1m][0m[0m[;1m
    A do-notation statement discarded a result of type ‘CInt’
    Suppress this warning by saying
      ‘_ <- c_pcre_fullinfo pcre_ptr nullPtr pcreInfoCapturecount st’[0m[0m
[;1m[34m    |[0m[0m
[;1m[34m217 |[0m[0m     [;1m[35mc_pcre_fullinfo pcre_ptr nullPtr pcreInfoCapturecount st[0m[0m
[;1m[34m    |[0m[0m[;1m[35m     ^^^^^^^^^^^^^^^^^^^^^^^^^^^^^^^^^^^^^^^^^^^^^^^^^^^^^^^^[0m[0m
[0m[0m[0m
[;1mText/Regex/PCRE/Wrap.hsc:340:5: [;1m[35mwarning:[0m[0m[;1m [[;1m[35m-Wunused-do-bind[0m[0m[;1m][0m[0m[;1m
    A do-notation statement discarded a result of type ‘CInt’
    Suppress this warning by saying
      ‘_ <- c_pcre_config pcreConfigUtf8 ptrVal’[0m[0m
[;1m[34m    |[0m[0m
[;1m[34m340 |[0m[0m     [;1m[35mc_pcre_config pcreConfigUtf8 ptrVal[0m[0m
[;1m[34m    |[0m[0m[;1m[35m     ^^^^^^^^^^^^^^^^^^^^^^^^^^^^^^^^^^^[0m[0m
[0m[0m[0m[2 of 6] Compiling Text.Regex.PCRE.String ( Text/Regex/PCRE/String.hs, .stack-work/dist/x86_64-osx/Cabal-2.2.0.1/build/Text/Regex/PCRE/String.o )
[3 of 6] Compiling Text.Regex.PCRE.Sequence ( Text/Regex/PCRE/Sequence.hs, .stack-work/dist/x86_64-osx/Cabal-2.2.0.1/build/Text/Regex/PCRE/Sequence.o )
[4 of 6] Compiling Text.Regex.PCRE.ByteString ( Text/Regex/PCRE/ByteString.hs, .stack-work/dist/x86_64-osx/Cabal-2.2.0.1/build/Text/Regex/PCRE/ByteString.o )
[5 of 6] Compiling Text.Regex.PCRE.ByteString.Lazy ( Text/Regex/PCRE/ByteString/Lazy.hs, .stack-work/dist/x86_64-osx/Cabal-2.2.0.1/build/Text/Regex/PCRE/ByteString/Lazy.o )
[6 of 6] Compiling Text.Regex.PCRE  ( Text/Regex/PCRE.hs, .stack-work/dist/x86_64-osx/Cabal-2.2.0.1/build/Text/Regex/PCRE.o )

[;1mText/Regex/PCRE.hs:61:13: [;1m[35mwarning:[0m[0m[;1m [[;1m[35m-Wdeprecations[0m[0m[;1m][0m[0m[;1m
    In the use of ‘versionTags’ (imported from Data.Version):
    Deprecated: "See GHC ticket #2496"[0m[0m
[;1m[34m   |[0m[0m
[;1m[34m61 |[0m[0m           , [;1m[35mversionTags[0m[0m = ["unstable"]
[;1m[34m   |[0m[0m[;1m[35m             ^^^^^^^^^^^[0m[0m
[0m[0m[0mclang: warning: argument unused during compilation: '-nopie' [-Wunused-command-line-argument]
clang: warning: argument unused during compilation: '-nopie' [-Wunused-command-line-argument]
clang: warning: argument unused during compilation: '-nopie' [-Wunused-command-line-argument]
clang: warning: argument unused during compilation: '-nopie' [-Wunused-command-line-argument]
clang: warning: argument unused during compilation: '-nopie' [-Wunused-command-line-argument]
clang: warning: argument unused during compilation: '-nopie' [-Wunused-command-line-argument]
clang: warning: argument unused during compilation: '-nopie' [-Wunused-command-line-argument]
clang: warning: argument unused during compilation: '-nopie' [-Wunused-command-line-argument]
clang: warning: argument unused during compilation: '-nopie' [-Wunused-command-line-argument]
clang: warning: argument unused during compilation: '-nopie' [-Wunused-command-line-argument]
clang: warning: argument unused during compilation: '-nopie' [-Wunused-command-line-argument]
clang: warning: argument unused during compilation: '-nopie' [-Wunused-command-line-argument]
clang: warning: argument unused during compilation: '-nopie' [-Wunused-command-line-argument]
clang: warning: argument unused during compilation: '-nopie' [-Wunused-command-line-argument]
clang: warning: argument unused during compilation: '-nopie' [-Wunused-command-line-argument]
clang: warning: argument unused during compilation: '-nopie' [-Wunused-command-line-argument]
clang: warning: argument unused during compilation: '-nopie' [-Wunused-command-line-argument]
clang: warning: argument unused during compilation: '-nopie' [-Wunused-command-line-argument]
clang: warning: argument unused during compilation: '-nopie' [-Wunused-command-line-argument]
clang: warning: argument unused during compilation: '-nopie' [-Wunused-command-line-argument]
clang: warning: argument unused during compilation: '-nopie' [-Wunused-command-line-argument]
clang: warning: argument unused during compilation: '-nopie' [-Wunused-command-line-argument]
clang: warning: argument unused during compilation: '-nopie' [-Wunused-command-line-argument]
clang: warning: argument unused during compilation: '-nopie' [-Wunused-command-line-argument]
clang: warning: argument unused during compilation: '-nopie' [-Wunused-command-line-argument]
clang: warning: argument unused during compilation: '-nopie' [-Wunused-command-line-argument]
clang: warning: argument unused during compilation: '-nopie' [-Wunused-command-line-argument]
clang: warning: argument unused during compilation: '-nopie' [-Wunused-command-line-argument]
clang: warning: argument unused during compilation: '-nopie' [-Wunused-command-line-argument]
clang: warning: argument unused during compilation: '-nopie' [-Wunused-command-line-argument]
clang: warning: argument unused during compilation: '-nopie' [-Wunused-command-line-argument]
clang: warning: argument unused during compilation: '-nopie' [-Wunused-command-line-argument]
clang: warning: argument unused during compilation: '-nopie' [-Wunused-command-line-argument]
clang: warning: argument unused during compilation: '-nopie' [-Wunused-command-line-argument]
clang: warning: argument unused during compilation: '-nopie' [-Wunused-command-line-argument]
clang: warning: argument unused during compilation: '-nopie' [-Wunused-command-line-argument]
clang: warning: argument unused during compilation: '-nopie' [-Wunused-command-line-argument]
clang: warning: argument unused during compilation: '-nopie' [-Wunused-command-line-argument]
clang: warning: argument unused during compilation: '-nopie' [-Wunused-command-line-argument]
clang: warning: argument unused during compilation: '-nopie' [-Wunused-command-line-argument]
clang: warning: argument unused during compilation: '-nopie' [-Wunused-command-line-argument]
clang: warning: argument unused during compilation: '-nopie' [-Wunused-command-line-argument]
/Applications/Xcode.app/Contents/Developer/Toolchains/XcodeDefault.xctoolchain/usr/bin/ranlib: file: .stack-work/dist/x86_64-osx/Cabal-2.2.0.1/build/objs-96781/libHSregex-pcre-builtin-0.94.4.8.8.35-4ib8bRBFvEJ8ahnqsKRdrB.a(pcre_string_utils.o) has no symbols
ignoring (possibly broken) abi-depends field for packages
Installing library in /Users/takuya/.stack/snapshots/x86_64-osx/lts-12.7/8.4.3/lib/x86_64-osx-ghc-8.4.3/regex-pcre-builtin-0.94.4.8.8.35-4ib8bRBFvEJ8ahnqsKRdrB
Registering library for regex-pcre-builtin-0.94.4.8.8.35..
