[1 of 2] Compiling Main             ( /private/var/folders/3d/qfzhq26j6s3793mxg399dqfr0000gn/T/stack86872/unix-time-0.3.8/Setup.hs, /private/var/folders/3d/qfzhq26j6s3793mxg399dqfr0000gn/T/stack86872/unix-time-0.3.8/.stack-work/dist/x86_64-osx/Cabal-2.2.0.1/setup/Main.o )
[2 of 2] Compiling StackSetupShim   ( /Users/takuya/.stack/setup-exe-src/setup-shim-mPHDZzAJ.hs, /private/var/folders/3d/qfzhq26j6s3793mxg399dqfr0000gn/T/stack86872/unix-time-0.3.8/.stack-work/dist/x86_64-osx/Cabal-2.2.0.1/setup/StackSetupShim.o )
Linking /private/var/folders/3d/qfzhq26j6s3793mxg399dqfr0000gn/T/stack86872/unix-time-0.3.8/.stack-work/dist/x86_64-osx/Cabal-2.2.0.1/setup/setup ...
clang: warning: argument unused during compilation: '-nopie' [-Wunused-command-line-argument]
clang: warning: argument unused during compilation: '-nopie' [-Wunused-command-line-argument]
Configuring unix-time-0.3.8...
clang: warning: argument unused during compilation: '-nopie' [-Wunused-command-line-argument]
checking for gcc... /usr/bin/gcc
checking whether the C compiler works... yes
checking for C compiler default output file name... a.out
checking for suffix of executables... 
checking whether we are cross compiling... no
checking for suffix of object files... o
checking whether we are using the GNU C compiler... yes
checking whether /usr/bin/gcc accepts -g... yes
checking for /usr/bin/gcc option to accept ISO C89... none needed
checking how to run the C preprocessor... /usr/bin/gcc -E
checking for grep that handles long lines and -e... /usr/bin/grep
checking for egrep... /usr/bin/grep -E
checking for ANSI C header files... yes
checking for sys/types.h... yes
checking for sys/stat.h... yes
checking for stdlib.h... yes
checking for string.h... yes
checking for memory.h... yes
checking for strings.h... yes
checking for inttypes.h... yes
checking for stdint.h... yes
checking for unistd.h... yes
checking xlocale.h usability... yes
checking xlocale.h presence... yes
checking for xlocale.h... yes
checking for strptime_l... yes
checking for timegm... yes
configure: creating ./config.status
config.status: creating cbits/config.h
Preprocessing library for unix-time-0.3.8..
Building library for unix-time-0.3.8..
[1 of 5] Compiling Data.UnixTime.Types ( .stack-work/dist/x86_64-osx/Cabal-2.2.0.1/build/Data/UnixTime/Types.hs, .stack-work/dist/x86_64-osx/Cabal-2.2.0.1/build/Data/UnixTime/Types.o )
[2 of 5] Compiling Data.UnixTime.Sys ( .stack-work/dist/x86_64-osx/Cabal-2.2.0.1/build/Data/UnixTime/Sys.hs, .stack-work/dist/x86_64-osx/Cabal-2.2.0.1/build/Data/UnixTime/Sys.o )
[3 of 5] Compiling Data.UnixTime.Diff ( Data/UnixTime/Diff.hs, .stack-work/dist/x86_64-osx/Cabal-2.2.0.1/build/Data/UnixTime/Diff.o )
[4 of 5] Compiling Data.UnixTime.Conv ( Data/UnixTime/Conv.hs, .stack-work/dist/x86_64-osx/Cabal-2.2.0.1/build/Data/UnixTime/Conv.o )

[;1mData/UnixTime/Conv.hs:11:1: [;1m[35mwarning:[0m[0m[;1m [[;1m[35m-Wunused-imports[0m[0m[;1m][0m[0m[;1m
    The import of ‘Control.Applicative’ is redundant
      except perhaps to import instances from ‘Control.Applicative’
    To import instances alone, use: import Control.Applicative()[0m[0m
[;1m[34m   |[0m[0m
[;1m[34m11 |[0m[0m [;1m[35mimport Control.Applicative[0m[0m
[;1m[34m   |[0m[0m[;1m[35m ^^^^^^^^^^^^^^^^^^^^^^^^^^[0m[0m
[0m[0m[0m[5 of 5] Compiling Data.UnixTime    ( Data/UnixTime.hs, .stack-work/dist/x86_64-osx/Cabal-2.2.0.1/build/Data/UnixTime.o )
clang: warning: argument unused during compilation: '-nopie' [-Wunused-command-line-argument]
clang: warning: argument unused during compilation: '-nopie' [-Wunused-command-line-argument]
ignoring (possibly broken) abi-depends field for packages
Installing library in /Users/takuya/.stack/snapshots/x86_64-osx/lts-12.7/8.4.3/lib/x86_64-osx-ghc-8.4.3/unix-time-0.3.8-CeBUuPW6VHK2F77gPXyawL
Registering library for unix-time-0.3.8..
